---------------------------------------------------------------------------------------------------------- REMOTE BUILD OUTPUT -----------------------------------------------------------------------------------------------------------
starting build "76995afd-1284-491b-b3a3-5c03d48838d0"
FETCHSOURCE
Fetching storage object: gs://run-sources-my-project-35266-489713-europe-west1/services/poool-backend/1773078700.802961-f6fba4e55b9242d783525e97e556c787.zip#1773078797393159
Copying gs://run-sources-my-project-35266-489713-europe-west1/services/poool-backend/1773078700.802961-f6fba4e55b9242d783525e97e556c787.zip#1773078797393159...
/ [0 files][    0.0 B/112.3 MiB]                                                -- [0 files][ 93.8 MiB/112.3 MiB]                                                - [1 files][112.3 MiB/112.3 MiB]                                                \
Operation completed over 1 objects/112.3 MiB.
Archive:  /tmp/source-archive.zip
   creating: /workspace/database/
   creating: /workspace/frontend/
   creating: /workspace/.pytest_cache/
   creating: /workspace/tests/
   creating: /workspace/.agents/
   creating: /workspace/backend/
   creating: /workspace/agent/
   creating: /workspace/docs/
   creating: /workspace/scripts/
   creating: /workspace/.github/
   creating: /workspace/.agent/
   creating: /workspace/TTNormsPro/
   creating: /workspace/frontend/platform/
   creating: /workspace/frontend/www/
   creating: /workspace/frontend/platform/developer/
   creating: /workspace/frontend/platform/images/
   creating: /workspace/frontend/platform/admin/
   creating: /workspace/frontend/platform/__pycache__/
   creating: /workspace/frontend/platform/components/
   creating: /workspace/frontend/platform/static/
   creating: /workspace/frontend/platform/images/prop-details/
   creating: /workspace/frontend/platform/admin/js/
   creating: /workspace/frontend/platform/static/css/
   creating: /workspace/frontend/platform/static/images/
   creating: /workspace/frontend/platform/static/js/
   creating: /workspace/frontend/platform/static/img/
   creating: /workspace/frontend/platform/static/fonts/
   creating: /workspace/frontend/platform/static/css/bem/
   creating: /workspace/frontend/platform/static/images/commodities/
   creating: /workspace/frontend/platform/static/images/Menu developer/
   creating: /workspace/frontend/platform/static/images/Portfolio%20asset%20details/
   creating: /workspace/frontend/platform/static/images/Menu%20developer/
   creating: /workspace/frontend/platform/static/images/Cart/
   creating: /workspace/frontend/platform/static/images/Portfolio/
   creating: /workspace/frontend/platform/static/images/Portfolio asset details/
   creating: /workspace/frontend/platform/static/images/commodities/rice/
   creating: /workspace/frontend/platform/static/js/typescript/
   creating: /workspace/frontend/www/svg/
   creating: /workspace/frontend/www/webm/
   creating: /workspace/frontend/www/webp/
   creating: /workspace/frontend/www/png/
   creating: /workspace/frontend/www/id/
   creating: /workspace/frontend/www/en/
   creating: /workspace/frontend/www/fonts/
   creating: /workspace/frontend/www/svg/world-map/
   creating: /workspace/frontend/www/svg/join-community/
   creating: /workspace/frontend/www/svg/investment-amount-page-block/
   creating: /workspace/frontend/www/webp/page-block-ownreship/
   creating: /workspace/frontend/www/webp/team/
   creating: /workspace/frontend/www/webp/avatars/
   creating: /workspace/frontend/www/png/properties-features/
   creating: /workspace/frontend/www/fonts/TTNormPro/
   creating: /workspace/frontend/www/fonts/TTNormsPro/
   creating: /workspace/.pytest_cache/v/
   creating: /workspace/.pytest_cache/v/cache/
   creating: /workspace/tests/admin/
   creating: /workspace/tests/__pycache__/
   creating: /workspace/tests/admin/__pycache__/
   creating: /workspace/.agents/workflows/
   creating: /workspace/backend/tests/
   creating: /workspace/backend/templates/
   creating: /workspace/backend/.sqlx/
   creating: /workspace/backend/src/
   creating: /workspace/backend/tests/frontend/
   creating: /workspace/backend/tests/admin/
   creating: /workspace/backend/tests/__pycache__/
   creating: /workspace/backend/tests/frontend/__pycache__/
   creating: /workspace/backend/tests/admin/__pycache__/
   creating: /workspace/backend/src/settings/
   creating: /workspace/backend/src/developer/
   creating: /workspace/backend/src/payments/
   creating: /workspace/backend/src/kyc/
   creating: /workspace/backend/src/bin/
   creating: /workspace/backend/src/auth/
   creating: /workspace/backend/src/rewards/
   creating: /workspace/backend/src/admin/
   creating: /workspace/backend/src/storage/
   creating: /workspace/backend/src/common/
   creating: /workspace/backend/src/support/
   creating: /workspace/backend/src/wallet/
   creating: /workspace/backend/src/cart/
   creating: /workspace/backend/src/portfolio/
   creating: /workspace/backend/src/legal/
   creating: /workspace/backend/src/payment_methods/
   creating: /workspace/backend/src/assets/
   creating: /workspace/agent/workflows/
   creating: /workspace/docs/database/
   creating: /workspace/docs/adr/
   creating: /workspace/docs/book/
   creating: /workspace/docs/book/book/
   creating: /workspace/docs/book/src/
   creating: /workspace/docs/book/book/adr/
   creating: /workspace/docs/book/book/css/
   creating: /workspace/docs/book/book/foundations/
   creating: /workspace/docs/book/book/ops/
   creating: /workspace/docs/book/book/fonts/
   creating: /workspace/docs/book/book/flows/
   creating: /workspace/docs/book/src/adr/
   creating: /workspace/docs/book/src/foundations/
   creating: /workspace/docs/book/src/ops/
   creating: /workspace/docs/book/src/flows/
   creating: /workspace/.github/workflows/
   creating: /workspace/.agent/workflows/
   creating: /workspace/TTNormsPro/pdf/
   creating: /workspace/TTNormsPro/woff/
   creating: /workspace/TTNormsPro/ttf/
   creating: /workspace/TTNormsPro/woff2/
   creating: /workspace/TTNormsPro/otf/
   creating: /workspace/TTNormsPro/eot/
  inflating: /workspace/test_support.py
  inflating: /workspace/.sentryclirc
  inflating: /workspace/full_migration.sql
  inflating: /workspace/cookie.txt
  inflating: /workspace/poool_db_backup_20260310_003729.sql
  inflating: /workspace/test_cart.py
  inflating: /workspace/production_readiness_workflow.md
  inflating: /workspace/profile_frontend_status.md
  inflating: /workspace/Dockerfile
  inflating: /workspace/fronts.fileloc
  inflating: /workspace/test_profile.py
  inflating: /workspace/tracking.md
  inflating: /workspace/cookies.txt
  inflating: /workspace/test_cart.js
  inflating: /workspace/.editorconfig
  inflating: /workspace/README.md
  inflating: /workspace/qa-tracking.md
  inflating: /workspace/.dockerignore
  inflating: /workspace/.gitignore
  inflating: /workspace/CONTRIBUTING.md
  inflating: /workspace/BROKEN_FEATURES.md
  inflating: /workspace/gap_analysis_legal_pages.md
  inflating: /workspace/CONTRIBUTING.html
  inflating: /workspace/AGENTS.md
  inflating: /workspace/poool_project_backup_20260310_004001.tar.gz
  inflating: /workspace/.gcloudignore
  inflating: /workspace/cart_out.html
  inflating: /workspace/database/006_admin_settings.sql
  inflating: /workspace/database/015_jonas_admin.sql
  inflating: /workspace/database/005_payments_checkout.sql
  inflating: /workspace/database/012_payment_disputes.sql
  inflating: /workspace/database/008_email_system.sql
  inflating: /workspace/database/003_fix_warnings.sql
  inflating: /workspace/database/003_settings_extensions.sql
  inflating: /workspace/database/013_admin_background_and_idempotency.sql
  inflating: /workspace/database/021_order_proof_of_transfer.sql
  inflating: /workspace/database/019_admin_dashboard_indexes.sql
  inflating: /workspace/database/008_email_marketing.sql
  inflating: /workspace/database/014_optimization_indexes.sql
  inflating: /workspace/database/016_referral_metrics.sql
  inflating: /workspace/database/001a_prep_users.sql
  inflating: /workspace/database/020_support_tickets_enhancement.sql
  inflating: /workspace/database/018_gcs_file_storage.sql
  inflating: /workspace/database/011_tax_reporting.sql
  inflating: /workspace/database/009_legal_consents.sql
  inflating: /workspace/database/010_advanced_rbac.sql
  inflating: /workspace/database/007_support_ticket_replies.sql
  inflating: /workspace/database/002_seed_data.sql
  inflating: /workspace/database/017_referral_campaigns.sql
  inflating: /workspace/database/audit_schema_report.md
  inflating: /workspace/database/001_initial_schema.sql
  inflating: /workspace/database/002_payment_methods.sql
  inflating: /workspace/database/002b_seed_rewards.sql
  inflating: /workspace/database/004_rewards_schema.sql
  inflating: /workspace/frontend/.!50102!.DS_Store
  inflating: /workspace/frontend/.!52111!.DS_Store
  inflating: /workspace/frontend/platform/portfolio.d.ts
  inflating: /workspace/frontend/platform/portfolio_backup.html
  inflating: /workspace/frontend/platform/aml-kyc-policy.html
  inflating: /workspace/frontend/platform/403.html
  inflating: /workspace/frontend/platform/inject-dropdowns.js
  inflating: /workspace/frontend/platform/payment-success.html
  inflating: /workspace/frontend/platform/auth-2fa.html
  inflating: /workspace/frontend/platform/verify-email.html
  inflating: /workspace/frontend/platform/dropdown-demo.html
  inflating: /workspace/frontend/platform/account-deletion.html
  inflating: /workspace/frontend/platform/index.html
  inflating: /workspace/frontend/platform/property.html
  inflating: /workspace/frontend/platform/forgot-password.html
  inflating: /workspace/frontend/platform/privacy-policy.html
  inflating: /workspace/frontend/platform/support.html
  inflating: /workspace/frontend/platform/transactions.html
  inflating: /workspace/frontend/platform/commodities-marketplace.html
  inflating: /workspace/frontend/platform/terms.html
  inflating: /workspace/frontend/platform/kyc.html
  inflating: /workspace/frontend/platform/cookies.html
  inflating: /workspace/frontend/platform/500.html
  inflating: /workspace/frontend/platform/404.html
  inflating: /workspace/frontend/platform/reset-password.html
  inflating: /workspace/frontend/platform/login.html
  inflating: /workspace/frontend/platform/marketplace.html
  inflating: /workspace/frontend/platform/imprint.html
  inflating: /workspace/frontend/platform/gdpr-data-request.html
  inflating: /workspace/frontend/platform/currency-policy.html
  inflating: /workspace/frontend/platform/rewards.html
  inflating: /workspace/frontend/platform/wallet.html
  inflating: /workspace/frontend/platform/checkout.html
  inflating: /workspace/frontend/platform/welcome.html
  inflating: /workspace/frontend/platform/commodity.html
  inflating: /workspace/frontend/platform/auth-2fa-setup.html
  inflating: /workspace/frontend/platform/cart.html
  inflating: /workspace/frontend/platform/settings.html
  inflating: /workspace/frontend/platform/maintenance.html
  inflating: /workspace/frontend/platform/signup.html
  inflating: /workspace/frontend/platform/payment-in-progress.html
  inflating: /workspace/frontend/platform/portfolio.html
  inflating: /workspace/frontend/platform/developer/dashboard.html.bak
  inflating: /workspace/frontend/platform/developer/assets.html
  inflating: /workspace/frontend/platform/developer/property-content.html
  inflating: /workspace/frontend/platform/developer/submission-success.html
  inflating: /workspace/frontend/platform/developer/dashboard.html
  inflating: /workspace/frontend/platform/developer/application-form.html
  inflating: /workspace/frontend/platform/developer/settings.html
  inflating: /workspace/frontend/platform/developer/add-asset.html
  inflating: /workspace/frontend/platform/developer/asset-detail.html
  inflating: /workspace/frontend/platform/developer/document-upload-step3.html
  inflating: /workspace/frontend/platform/images/arrow-down.svg
  inflating: /workspace/frontend/platform/images/Image.webp
  inflating: /workspace/frontend/platform/images/Bed.svg
  inflating: /workspace/frontend/platform/images/jonasvideo.webp
  inflating: /workspace/frontend/platform/images/wallet-02.svg
  inflating: /workspace/frontend/platform/images/villa4_1.webp
  inflating: /workspace/frontend/platform/images/villa1.webp
  inflating: /workspace/frontend/platform/images/villa1_2.webp
  inflating: /workspace/frontend/platform/images/olivia-profile.webp
  inflating: /workspace/frontend/platform/images/Glass2.webp
  inflating: /workspace/frontend/platform/images/dollar.svg
  inflating: /workspace/frontend/platform/images/villa3_2.webp
  inflating: /workspace/frontend/platform/images/line-chart-up-02.svg
  inflating: /workspace/frontend/platform/images/Glass3.webp
  inflating: /workspace/frontend/platform/images/settings-01.svg
  inflating: /workspace/frontend/platform/images/villa1_3.webp
  inflating: /workspace/frontend/platform/images/ID.webp
  inflating: /workspace/frontend/platform/images/Logo premium.svg
  inflating: /workspace/frontend/platform/images/Featured icon.webp
  inflating: /workspace/frontend/platform/images/Logo%20Pool.svg
  inflating: /workspace/frontend/platform/images/alexvillas.webp
  inflating: /workspace/frontend/platform/images/home-smile.svg
  inflating: /workspace/frontend/platform/images/coins-swap-01.svg
  inflating: /workspace/frontend/platform/images/villa1_4.webp
  inflating: /workspace/frontend/platform/images/villa2_1.webp
  inflating: /workspace/frontend/platform/images/Glass4.webp
  inflating: /workspace/frontend/platform/images/shopping-cart-01.svg
  inflating: /workspace/frontend/platform/images/check-verified-02.svg
  inflating: /workspace/frontend/platform/images/Glass5.webp
  inflating: /workspace/frontend/platform/images/villa6.webp
  inflating: /workspace/frontend/platform/images/trophy-01.svg
  inflating: /workspace/frontend/platform/images/Glass6.webp
  inflating: /workspace/frontend/platform/images/villa5.webp
  inflating: /workspace/frontend/platform/images/star-01.svg
  inflating: /workspace/frontend/platform/images/Logo
  inflating: /workspace/frontend/platform/images/search-md.svg
  inflating: /workspace/frontend/platform/images/villa8.webp
  inflating: /workspace/frontend/platform/images/file-check-02.svg
  inflating: /workspace/frontend/platform/images/chart-line-up.svg
  inflating: /workspace/frontend/platform/images/star-06.svg
  inflating: /workspace/frontend/platform/images/villa2_2.webp
  inflating: /workspace/frontend/platform/images/indonez.webp
  inflating: /workspace/frontend/platform/images/Logo%20premium.svg
  inflating: /workspace/frontend/platform/images/coins-stacked-02.svg
  inflating: /workspace/frontend/platform/images/coins-stacked-03.svg
  inflating: /workspace/frontend/platform/images/Featured
  inflating: /workspace/frontend/platform/images/villa3_1.webp
  inflating: /workspace/frontend/platform/images/home-05.svg
  inflating: /workspace/frontend/platform/images/award-05.svg
  inflating: /workspace/frontend/platform/images/villa4_2.webp
  inflating: /workspace/frontend/platform/images/bookmark-check.svg
  inflating: /workspace/frontend/platform/images/building-06.svg
  inflating: /workspace/frontend/platform/images/building-07.svg
  inflating: /workspace/frontend/platform/images/Glass1.webp
  inflating: /workspace/frontend/platform/images/Logo Pool.svg
  inflating: /workspace/frontend/platform/images/Featured%20icon.png
  inflating: /workspace/frontend/platform/images/home-03.svg
  inflating: /workspace/frontend/platform/images/prop-details/Iconimage.webp
  inflating: /workspace/frontend/platform/images/prop-details/check-verified-02.webp
  inflating: /workspace/frontend/platform/images/prop-details/ID.webp
  inflating: /workspace/frontend/platform/images/prop-details/file-shield-02.webp
  inflating: /workspace/frontend/platform/images/prop-details/markerpin.svg
  inflating: /workspace/frontend/platform/images/prop-details/Iconcube.webp
  inflating: /workspace/frontend/platform/images/prop-details/maximize-02.svg
  inflating: /workspace/frontend/platform/images/prop-details/coins-stacked-02.webp
  inflating: /workspace/frontend/platform/images/prop-details/line-chart-up-03.webp
  inflating: /workspace/frontend/platform/images/prop-details/house.webp
  inflating: /workspace/frontend/platform/images/prop-details/line-chart-up-02.webp
  inflating: /workspace/frontend/platform/admin/developer-submission-review.html
  inflating: /workspace/frontend/platform/admin/audit-logs.html
  inflating: /workspace/frontend/platform/admin/system.html
  inflating: /workspace/frontend/platform/admin/storage.html
  inflating: /workspace/frontend/platform/admin/asset-details.html
  inflating: /workspace/frontend/platform/admin/index.html
  inflating: /workspace/frontend/platform/admin/support-ticket.html
  inflating: /workspace/frontend/platform/admin/assets.html
  inflating: /workspace/frontend/platform/admin/approvals.html
  inflating: /workspace/frontend/platform/admin/support.html
  inflating: /workspace/frontend/platform/admin/dividends.html
  inflating: /workspace/frontend/platform/admin/notifications.html
  inflating: /workspace/frontend/platform/admin/kyc.html
  inflating: /workspace/frontend/platform/admin/email-marketing.html
  inflating: /workspace/frontend/platform/admin/deposits.html
  inflating: /workspace/frontend/platform/admin/developer-submissions.html
  inflating: /workspace/frontend/platform/admin/admins.html
  inflating: /workspace/frontend/platform/admin/treasury.html
  inflating: /workspace/frontend/platform/admin/users.html
  inflating: /workspace/frontend/platform/admin/rewards.html
  inflating: /workspace/frontend/platform/admin/orders.html
  inflating: /workspace/frontend/platform/admin/settings.html
  inflating: /workspace/frontend/platform/admin/roles.html
  inflating: /workspace/frontend/platform/admin/user-details.html
  inflating: /workspace/frontend/platform/admin/reports.html
  inflating: /workspace/frontend/platform/__pycache__/get_children.cpython-314.pyc
  inflating: /workspace/frontend/platform/components/kyc-banner.html
  inflating: /workspace/frontend/platform/components/mobile-menu.html
  inflating: /workspace/frontend/platform/components/developer-chart.html
  inflating: /workspace/frontend/platform/components/mobile-kyc-banner.html
  inflating: /workspace/frontend/platform/components/head.html
  inflating: /workspace/frontend/platform/components/developer-assets.html
  inflating: /workspace/frontend/platform/components/sidebar.html
  inflating: /workspace/frontend/platform/static/css/mobile-developer-property-content.css
  inflating: /workspace/frontend/platform/static/css/mobile-burger-menu.css
  inflating: /workspace/frontend/platform/static/css/mobile-developer-dashboard.css
  inflating: /workspace/frontend/platform/static/css/mobile-similar-properties.css
  inflating: /workspace/frontend/platform/static/css/poool-dropdown.css
  inflating: /workspace/frontend/platform/static/css/mobile-developer-assets.css
  inflating: /workspace/frontend/platform/static/css/property-content.css
  inflating: /workspace/frontend/platform/static/css/operator-section.css
  inflating: /workspace/frontend/platform/static/css/mobile-kyc-banner.css
  inflating: /workspace/frontend/platform/static/css/payment-success.css
  inflating: /workspace/frontend/platform/static/css/mobile-header.css
  inflating: /workspace/frontend/platform/static/css/mobile-developer-add-asset.css
  inflating: /workspace/frontend/platform/static/css/property-detail-mobile.css
  inflating: /workspace/frontend/platform/static/css/kyc.css
  inflating: /workspace/frontend/platform/static/css/checkout.css
  inflating: /workspace/frontend/platform/static/css/developer-assets.css
  inflating: /workspace/frontend/platform/static/css/unified-styles.css
  inflating: /workspace/frontend/platform/static/css/support.css
  inflating: /workspace/frontend/platform/static/css/login.css
  inflating: /workspace/frontend/platform/static/css/mobile-faq.css
  inflating: /workspace/frontend/platform/static/css/wallet.css
  inflating: /workspace/frontend/platform/static/css/dashboard.css
  inflating: /workspace/frontend/platform/static/css/sidebar-developer.css
  inflating: /workspace/frontend/platform/static/css/mobile-developer.css
  inflating: /workspace/frontend/platform/static/css/mobile-documents.css
  inflating: /workspace/frontend/platform/static/css/settings.css
  inflating: /workspace/frontend/platform/static/css/mobile-developer-application-form.css
  inflating: /workspace/frontend/platform/static/css/mobile-contact.css
  inflating: /workspace/frontend/platform/static/css/cart.css
  inflating: /workspace/frontend/platform/static/css/sidebar-navigation.css
  inflating: /workspace/frontend/platform/static/css/financials-distribution-section.css
  inflating: /workspace/frontend/platform/static/css/main.css
  inflating: /workspace/frontend/platform/static/css/htmx-fixes.css
  inflating: /workspace/frontend/platform/static/css/mobile-location.css
  inflating: /workspace/frontend/platform/static/css/mobile-portfolio.css
  inflating: /workspace/frontend/platform/static/css/celebration-effects.css
  inflating: /workspace/frontend/platform/static/css/kyc-banner.css
  inflating: /workspace/frontend/platform/static/css/rewards.css
  inflating: /workspace/frontend/platform/static/css/property-detail.css
  inflating: /workspace/frontend/platform/static/css/developer-property-content.css
  inflating: /workspace/frontend/platform/static/css/mobile-youtube-modal.css
  inflating: /workspace/frontend/platform/static/css/cookie-consent.css
  inflating: /workspace/frontend/platform/static/css/developer-dashboard.css
  inflating: /workspace/frontend/platform/static/css/property-item-card.css
  inflating: /workspace/frontend/platform/static/css/mobile-leasing-strategy.css
  inflating: /workspace/frontend/platform/static/css/portfolio-value-card.css
  inflating: /workspace/frontend/platform/static/css/developer-document-upload.css
  inflating: /workspace/frontend/platform/static/css/error-pages.css
  inflating: /workspace/frontend/platform/static/css/admin.css
  inflating: /workspace/frontend/platform/static/css/developer-document-upload-step3.css
  inflating: /workspace/frontend/platform/static/css/mobile-developer-submission-success.css
  inflating: /workspace/frontend/platform/static/css/mobile-wallet.css
  inflating: /workspace/frontend/platform/static/css/mobile-risk-notification.css
  inflating: /workspace/frontend/platform/static/css/mobile-funding-timeline.css
  inflating: /workspace/frontend/platform/static/css/developer-add-asset.css
  inflating: /workspace/frontend/platform/static/css/mobile-investment-calculator.css
  inflating: /workspace/frontend/platform/static/css/commodity-info-section.css
  inflating: /workspace/frontend/platform/static/css/mobile-profile-dropdown.css
  inflating: /workspace/frontend/platform/static/css/developer.css
  inflating: /workspace/frontend/platform/static/css/security-compliance-section.css
  inflating: /workspace/frontend/platform/static/css/community-card.css
  inflating: /workspace/frontend/platform/static/css/assets-table-populated.css
  inflating: /workspace/frontend/platform/static/css/developer-submission-success.css
  inflating: /workspace/frontend/platform/static/css/mobile-commodity-detail.css
  inflating: /workspace/frontend/platform/static/css/mobile-developer-document-upload-step3.css
  inflating: /workspace/frontend/platform/static/css/mobile-cart.css
  inflating: /workspace/frontend/platform/static/css/fonts.css
  inflating: /workspace/frontend/platform/static/css/mobile-investment-type.css
  inflating: /workspace/frontend/platform/static/css/portfolio.css
  inflating: /workspace/frontend/platform/static/css/profile-dropdown.css
  inflating: /workspace/frontend/platform/static/css/file-upload.css
  inflating: /workspace/frontend/platform/static/css/signup.css
  inflating: /workspace/frontend/platform/static/css/developer-application-form.css
  inflating: /workspace/frontend/platform/static/css/portfolio-enhancements.css
  inflating: /workspace/frontend/platform/static/css/mobile-financial.css
  inflating: /workspace/frontend/platform/static/css/marketplace.css
  inflating: /workspace/frontend/platform/static/css/portfolio-assets-table.css
  inflating: /workspace/frontend/platform/static/css/bem/table-wallet.css
  inflating: /workspace/frontend/platform/static/css/bem/table.css
  inflating: /workspace/frontend/platform/static/css/bem/sidebar.css
  inflating: /workspace/frontend/platform/static/images/arrow-down.svg
  inflating: /workspace/frontend/platform/static/images/calendar-check-02.svg
  inflating: /workspace/frontend/platform/static/images/message-chat-circle%20grey.svg
  inflating: /workspace/frontend/platform/static/images/wallet-04.svg
  inflating: /workspace/frontend/platform/static/images/social-google.svg
  inflating: /workspace/frontend/platform/static/images/logo-pool.svg
  inflating: /workspace/frontend/platform/static/images/cart.svg
  inflating: /workspace/frontend/platform/static/images/3.webp
  inflating: /workspace/frontend/platform/static/images/Property 2.webp
  inflating: /workspace/frontend/platform/static/images/social-facebook.svg
  inflating: /workspace/frontend/platform/static/images/arrow-up-right.svg
  inflating: /workspace/frontend/platform/static/images/Menu
  inflating: /workspace/frontend/platform/static/images/Property 1.webp
  inflating: /workspace/frontend/platform/static/images/File type icon (1).svg
  inflating: /workspace/frontend/platform/static/images/clock-refresh.svg
  inflating: /workspace/frontend/platform/static/images/message-chat-circle grey.svg
  inflating: /workspace/frontend/platform/static/images/coins-stacked-03.svg
  inflating: /workspace/frontend/platform/static/images/bookmark-check.svg
  inflating: /workspace/frontend/platform/static/images/signup-background.webp
  inflating: /workspace/frontend/platform/static/images/visa.webp
  inflating: /workspace/frontend/platform/static/images/message-chat-circle
  inflating: /workspace/frontend/platform/static/images/trash-01.svg
  inflating: /workspace/frontend/platform/static/images/social-apple.svg
  inflating: /workspace/frontend/platform/static/images/help-circle.svg
  inflating: /workspace/frontend/platform/static/images/dots-vertical.svg
  inflating: /workspace/frontend/platform/static/images/home-03.svg
  inflating: /workspace/frontend/platform/static/images/commodities/poool-round.svg
  inflating: /workspace/frontend/platform/static/images/commodities/file-shield-02-green.svg
  inflating: /workspace/frontend/platform/static/images/commodities/file-lock-02-green.svg
  inflating: /workspace/frontend/platform/static/images/commodities/shield-02-green1.svg
  inflating: /workspace/frontend/platform/static/images/commodities/shield-02.svg
  inflating: /workspace/frontend/platform/static/images/commodities/users-03.svg
  inflating: /workspace/frontend/platform/static/images/commodities/lock-02-green.svg
  inflating: /workspace/frontend/platform/static/images/commodities/rice/zhao-yangjun-dDAzpSUAbgI-unsplash.webp
  inflating: /workspace/frontend/platform/static/images/commodities/rice/vrlibs-studio-h0cvg3O-LN0-unsplash.webp
  inflating: /workspace/frontend/platform/static/images/commodities/rice/winston-chen-kXoEdaZ3SFw-unsplash.webp
  inflating: /workspace/frontend/platform/static/images/commodities/rice/eduardo-prim-3u51-uLQICc-unsplash.webp
  inflating: /workspace/frontend/platform/static/images/commodities/rice/hoach-le-dinh-PeRt3uMmjYM-unsplash.webp
  inflating: /workspace/frontend/platform/static/images/Menu developer/Settings.svg
  inflating: /workspace/frontend/platform/static/images/Menu developer/Dashboard.svg
  inflating: /workspace/frontend/platform/static/images/Menu developer/Support.svg
  inflating: /workspace/frontend/platform/static/images/Menu developer/Ranking.svg
  inflating: /workspace/frontend/platform/static/images/Menu developer/Assets.svg
  inflating: /workspace/frontend/platform/static/images/Menu developer/Notifications.svg
  inflating: /workspace/frontend/platform/static/images/Portfolio%20asset%20details/Star%205.svg
  inflating: /workspace/frontend/platform/static/images/Menu%20developer/Settings.svg
  inflating: /workspace/frontend/platform/static/images/Menu%20developer/Dashboard.svg
  inflating: /workspace/frontend/platform/static/images/Menu%20developer/Support.svg
  inflating: /workspace/frontend/platform/static/images/Menu%20developer/Ranking.svg
  inflating: /workspace/frontend/platform/static/images/Menu%20developer/Assets.svg
  inflating: /workspace/frontend/platform/static/images/Menu%20developer/Notifications.svg
  inflating: /workspace/frontend/platform/static/images/Cart/shopping-cart-01
  inflating: /workspace/frontend/platform/static/images/Cart/shopping-cart-01 black.svg
  inflating: /workspace/frontend/platform/static/images/Cart/marker-pin-01.svg
  inflating: /workspace/frontend/platform/static/images/Cart/shopping-cart-01%20black.svg
  inflating: /workspace/frontend/platform/static/images/Portfolio/line-chart-up-02.svg
  inflating: /workspace/frontend/platform/static/images/Portfolio/line-chart-up-03.svg
  inflating: /workspace/frontend/platform/static/images/Portfolio/coins-stacked-02.svg
  inflating: /workspace/frontend/platform/static/images/Portfolio/calendar-plus-02.svg
  inflating: /workspace/frontend/platform/static/images/Portfolio/sale-03.svg
  inflating: /workspace/frontend/platform/static/images/Portfolio/home-03.svg
  inflating: /workspace/frontend/platform/static/images/Portfolio asset details/settings-04.svg
  inflating: /workspace/frontend/platform/static/images/Portfolio asset details/calendar-check-02.svg
  inflating: /workspace/frontend/platform/static/images/Portfolio asset details/scales-02.svg
  inflating: /workspace/frontend/platform/static/images/Portfolio asset details/key-01.svg
  inflating: /workspace/frontend/platform/static/images/Portfolio asset details/currency-dollar-circle.svg
  inflating: /workspace/frontend/platform/static/images/Portfolio asset details/download-cloud-02.svg
  inflating: /workspace/frontend/platform/static/images/Portfolio asset details/users-check.svg
  inflating: /workspace/frontend/platform/static/images/Portfolio asset details/coins-stacked-02.svg
  inflating: /workspace/frontend/platform/static/images/Portfolio asset details/building-03.svg
  inflating: /workspace/frontend/platform/static/images/Portfolio asset details/Property image.webp
  inflating: /workspace/frontend/platform/static/images/Portfolio asset details/bank-note-03.svg
  inflating: /workspace/frontend/platform/static/images/Portfolio asset details/bank-note-01.svg
  inflating: /workspace/frontend/platform/static/images/Portfolio asset details/File type icon.svg
  inflating: /workspace/frontend/platform/static/images/Portfolio asset details/marker-pin-04.svg
  inflating: /workspace/frontend/platform/static/js/tier-page.js
  inflating: /workspace/frontend/platform/static/js/poool-dropdown.js
  inflating: /workspace/frontend/platform/static/js/settings-service.js
  inflating: /workspace/frontend/platform/static/js/admin-assets.js
  inflating: /workspace/frontend/platform/static/js/transactions.js
  inflating: /workspace/frontend/platform/static/js/rewards-service.js
  inflating: /workspace/frontend/platform/static/js/property-price-sticky.js
  inflating: /workspace/frontend/platform/static/js/mobile-navigation.js
  inflating: /workspace/frontend/platform/static/js/property-content.js
  inflating: /workspace/frontend/platform/static/js/admin-approvals.js
  inflating: /workspace/frontend/platform/static/js/developer-add-asset.js
  inflating: /workspace/frontend/platform/static/js/cart.js
  inflating: /workspace/frontend/platform/static/js/developer-property-content.js
  inflating: /workspace/frontend/platform/static/js/admin-kyc.js
  inflating: /workspace/frontend/platform/static/js/portfolio-data.js
  inflating: /workspace/frontend/platform/static/js/legal-enhancements.js
  inflating: /workspace/frontend/platform/static/js/admin-asset-details.js
  inflating: /workspace/frontend/platform/static/js/wallet-service.js
  inflating: /workspace/frontend/platform/static/js/developer-document-upload-step3.js
  inflating: /workspace/frontend/platform/static/js/mobile-calculator.js
  inflating: /workspace/frontend/platform/static/js/developer-dashboard.js
  inflating: /workspace/frontend/platform/static/js/developer-assets.js
  inflating: /workspace/frontend/platform/static/js/admin-deposits.js
  inflating: /workspace/frontend/platform/static/js/commodities-marketplace.js
  inflating: /workspace/frontend/platform/static/js/kyc-page.js
  inflating: /workspace/frontend/platform/static/js/admin-reports.js
  inflating: /workspace/frontend/platform/static/js/admin-rewards.js
  inflating: /workspace/frontend/platform/static/js/celebration-effects.js
  inflating: /workspace/frontend/platform/static/js/property-detail-cart.js
  inflating: /workspace/frontend/platform/static/js/admin-storage.js
  inflating: /workspace/frontend/platform/static/js/poool-dropdown-init.js
  inflating: /workspace/frontend/platform/static/js/admin-rbac.js
  inflating: /workspace/frontend/platform/static/js/support.js
  inflating: /workspace/frontend/platform/static/js/mobile-documents.js
  inflating: /workspace/frontend/platform/static/js/developer-document-upload.js
  inflating: /workspace/frontend/platform/static/js/file-upload.js
  inflating: /workspace/frontend/platform/static/js/property-detail.js
  inflating: /workspace/frontend/platform/static/js/admin-dashboard.js
  inflating: /workspace/frontend/platform/static/js/admin-theme.js
  inflating: /workspace/frontend/platform/static/js/kyc-banner.js
  inflating: /workspace/frontend/platform/static/js/admin-users.js
  inflating: /workspace/frontend/platform/static/js/admin-settings.js
  inflating: /workspace/frontend/platform/static/js/payment-success.js
  inflating: /workspace/frontend/platform/static/js/admin-submission-review.js
  inflating: /workspace/frontend/platform/static/js/developer-submission-success.js
  inflating: /workspace/frontend/platform/static/js/admin-dividends.js
  inflating: /workspace/frontend/platform/static/js/admin-audit.js
  inflating: /workspace/frontend/platform/static/js/admin-submissions.js
  inflating: /workspace/frontend/platform/static/js/mobile-faq.js
  inflating: /workspace/frontend/platform/static/js/wallet.js
  inflating: /workspace/frontend/platform/static/js/pie-chart.js
  inflating: /workspace/frontend/platform/static/js/mobile-financial.js
  inflating: /workspace/frontend/platform/static/js/developer-asset-detail.js
  inflating: /workspace/frontend/platform/static/js/user-data.js
  inflating: /workspace/frontend/platform/static/js/cookie-consent.js
  inflating: /workspace/frontend/platform/static/js/admin-system.js
  inflating: /workspace/frontend/platform/static/js/admin-email-marketing.js
  inflating: /workspace/frontend/platform/static/js/admin-notifications.js
  inflating: /workspace/frontend/platform/static/js/developer-application-form.js
  inflating: /workspace/frontend/platform/static/js/portfolio.js
  inflating: /workspace/frontend/platform/static/js/admin-sidebar-loader.js
  inflating: /workspace/frontend/platform/static/js/admin-directory.js
  inflating: /workspace/frontend/platform/static/js/payment-in-progress.js
  inflating: /workspace/frontend/platform/static/js/admin-support-ticket.js
  inflating: /workspace/frontend/platform/static/js/admin-access.js
  inflating: /workspace/frontend/platform/static/js/portfolio-service.js
  inflating: /workspace/frontend/platform/static/js/admin-orders.js
  inflating: /workspace/frontend/platform/static/js/property-detail-mobile.js
  inflating: /workspace/frontend/platform/static/js/htmx-init.js
  inflating: /workspace/frontend/platform/static/js/admin-permission-guard.js
  inflating: /workspace/frontend/platform/static/js/rewards.js
  inflating: /workspace/frontend/platform/static/js/marketplace.js
  inflating: /workspace/frontend/platform/static/js/settings.js
  inflating: /workspace/frontend/platform/static/js/admin-global-search.js
  inflating: /workspace/frontend/platform/static/js/admin-support.js
  inflating: /workspace/frontend/platform/static/js/admin-user-details.js
  inflating: /workspace/frontend/platform/static/js/marketplace-search.js
  inflating: /workspace/frontend/platform/static/js/profile-dropdown.js
  inflating: /workspace/frontend/platform/static/js/admin-treasury.js
  inflating: /workspace/frontend/platform/static/js/typescript/portfolio.d.ts
  inflating: /workspace/frontend/platform/static/js/typescript/settings.d.ts
  inflating: /workspace/frontend/platform/static/js/typescript/transactions.d.ts
  inflating: /workspace/frontend/www/server.js
  inflating: /workspace/frontend/www/sitemap.xml
  inflating: /workspace/frontend/www/robots.txt
  inflating: /workspace/frontend/www/svg/logo-blue.svg
  inflating: /workspace/frontend/www/svg/play-circle.svg
  inflating: /workspace/frontend/www/svg/3-circles-logo.svg
  inflating: /workspace/frontend/www/svg/background-pattern-grid.svg
  inflating: /workspace/frontend/www/svg/quote-dots.svg
  inflating: /workspace/frontend/www/svg/poool-text-logo.svg
  inflating: /workspace/frontend/www/svg/background-buy-shares.svg
  inflating: /workspace/frontend/www/svg/background-lines-top-center-higher.svg
  inflating: /workspace/frontend/www/svg/bg-1.svg
  inflating: /workspace/frontend/www/svg/logo-burger.svg
  inflating: /workspace/frontend/www/svg/video-overlay-card.svg
  inflating: /workspace/frontend/www/svg/background-buy-shares-with-gradient-animation.svg
  inflating: /workspace/frontend/www/svg/pool-grow-logo.svg
  inflating: /workspace/frontend/www/svg/background-lines-top-center.svg
  inflating: /workspace/frontend/www/svg/logo.svg
  inflating: /workspace/frontend/www/svg/world-map/gb.svg
  inflating: /workspace/frontend/www/svg/world-map/oae.svg
  inflating: /workspace/frontend/www/svg/world-map/usa.svg
  inflating: /workspace/frontend/www/svg/world-map/chart-2.svg
  inflating: /workspace/frontend/www/svg/world-map/icon-home.svg
  inflating: /workspace/frontend/www/svg/world-map/arrow-jagged-up.svg
  inflating: /workspace/frontend/www/svg/world-map/chart-1.svg
  inflating: /workspace/frontend/www/svg/world-map/bali.svg
  inflating: /workspace/frontend/www/svg/world-map/arrow-jagged-up-accent-green.svg
  inflating: /workspace/frontend/www/svg/world-map/japan.svg
  inflating: /workspace/frontend/www/svg/world-map/thailand.svg
  inflating: /workspace/frontend/www/svg/world-map/de.svg
  inflating: /workspace/frontend/www/svg/world-map/arrow-up.svg
  inflating: /workspace/frontend/www/svg/join-community/bank-note.svg
  inflating: /workspace/frontend/www/svg/join-community/presentation-chart.svg
  inflating: /workspace/frontend/www/svg/join-community/coins-swap.svg
  inflating: /workspace/frontend/www/svg/join-community/file-shield.svg
  inflating: /workspace/frontend/www/svg/join-community/users-check.svg
  inflating: /workspace/frontend/www/svg/join-community/coins-stacked.svg
  inflating: /workspace/frontend/www/svg/join-community/globe.svg
  inflating: /workspace/frontend/www/svg/join-community/building.svg
  inflating: /workspace/frontend/www/svg/investment-amount-page-block/visa.svg
  inflating: /workspace/frontend/www/svg/investment-amount-page-block/wallet.svg
  inflating: /workspace/frontend/www/svg/investment-amount-page-block/master_card.svg
  inflating: /workspace/frontend/www/webm/webm_globe.webm
  inflating: /workspace/frontend/www/webm/webm_phone_2.webm
  inflating: /workspace/frontend/www/webm/webm_phone_1.webm
  inflating: /workspace/frontend/www/webm/webm_villa_no-bg.webm
  inflating: /workspace/frontend/www/webm/webm_villa.webm
  inflating: /workspace/frontend/www/webp/video-overlay-property-card.webp
  inflating: /workspace/frontend/www/webp/watch-video.webp
  inflating: /workspace/frontend/www/webp/poool-community.webp
  inflating: /workspace/frontend/www/webp/villa-with-pool.webp
  inflating: /workspace/frontend/www/webp/become-partner-bg.webp
  inflating: /workspace/frontend/www/webp/page-block-ownreship/bpn.webp
  inflating: /workspace/frontend/www/webp/team/Mykyta Hlukhuvskyi.webp
  inflating: /workspace/frontend/www/webp/team/Patrick Werner.webp
  inflating: /workspace/frontend/www/webp/team/Daniel Todorov.webp
  inflating: /workspace/frontend/www/webp/team/Jonas Freiwald.webp
  inflating: /workspace/frontend/www/webp/team/Sean Reno.webp
  inflating: /workspace/frontend/www/webp/team/Dmitry Sikorski.webp
  inflating: /workspace/frontend/www/webp/team/monique-howeth.webp
  inflating: /workspace/frontend/www/webp/team/Nikita Kokhanevych.webp
  inflating: /workspace/frontend/www/webp/team/ryan-fang.webp
  inflating: /workspace/frontend/www/webp/team/Nataly Vovque.webp
  inflating: /workspace/frontend/www/webp/avatars/Mathias Damsgaard.webp
  inflating: /workspace/frontend/www/webp/avatars/Monique Howeth.webp
  inflating: /workspace/frontend/www/webp/avatars/Tobias Weber.webp
  inflating: /workspace/frontend/www/webp/avatars/Jonas Thomsen.webp
  inflating: /workspace/frontend/www/png/Team.webp
  inflating: /workspace/frontend/www/png/MobileHeroBg.webp
  inflating: /workspace/frontend/www/png/usd1-logo.webp
  inflating: /workspace/frontend/www/png/Khai.webp
  inflating: /workspace/frontend/www/png/monique-howeth-mobile.webp
  inflating: /workspace/frontend/www/png/license.webp
  inflating: /workspace/frontend/www/png/Jonathan Rizky.webp
  inflating: /workspace/frontend/www/png/Luna Bay Villa.webp
  inflating: /workspace/frontend/www/png/ankr-logo.webp
  inflating: /workspace/frontend/www/png/flag-estonia-circle.webp
  inflating: /workspace/frontend/www/png/Nomad Palm Residence.webp
  inflating: /workspace/frontend/www/png/Azure Echo House.webp
  inflating: /workspace/frontend/www/png/properties-features/best-price.webp
  inflating: /workspace/frontend/www/png/properties-features/insurance.webp
  inflating: /workspace/frontend/www/id/index.html
  inflating: /workspace/frontend/www/id/main-6QW32D7Z.js
  inflating: /workspace/frontend/www/id/polyfills-YEJWEMLH.js
  inflating: /workspace/frontend/www/id/styles-UTM56FQY.css
  inflating: /workspace/frontend/www/en/favicon.ico
  inflating: /workspace/frontend/www/en/index.html
  inflating: /workspace/frontend/www/en/chunk-ZBVOF6Q3.js
  inflating: /workspace/frontend/www/en/main-6QW32D7Z.js
  inflating: /workspace/frontend/www/en/chunk-O3LQP76T.js
  inflating: /workspace/frontend/www/en/polyfills-YEJWEMLH.js
  inflating: /workspace/frontend/www/en/chunk-MO34KLTL.js
  inflating: /workspace/frontend/www/en/chunk-QVPRVTS4.js
  inflating: /workspace/frontend/www/en/chunk-NG4JWF4P.js
  inflating: /workspace/frontend/www/en/styles-UTM56FQY.css
  inflating: /workspace/frontend/www/en/chunk-A4X4NSFE.js
  inflating: /workspace/frontend/www/en/chunk-HC2LBUVO.js
  inflating: /workspace/frontend/www/fonts/TTNormPro/TTNormsPro-ExtraBold.eot
  inflating: /workspace/frontend/www/fonts/TTNormPro/TTNormsPro-Bold.woff
  inflating: /workspace/frontend/www/fonts/TTNormPro/TTNormsPro-Regular.eot
  inflating: /workspace/frontend/www/fonts/TTNormPro/TTNormsPro-Italic.woff
  inflating: /workspace/frontend/www/fonts/TTNormPro/TTNormsPro-Italic.ttf
  inflating: /workspace/frontend/www/fonts/TTNormPro/TTNormsPro-Medium.eot@
  inflating: /workspace/frontend/www/fonts/TTNormPro/TTNormsPro-ExtraBold.woff
  inflating: /workspace/frontend/www/fonts/TTNormPro/TTNormsPro-ExtraBold.woff2
  inflating: /workspace/frontend/www/fonts/TTNormPro/TTNormsPro-Regular.ttf
  inflating: /workspace/frontend/www/fonts/TTNormPro/TTNormsPro-ExtraBold.ttf
  inflating: /workspace/frontend/www/fonts/TTNormPro/TTNormsPro-Medium.woff2
  inflating: /workspace/frontend/www/fonts/TTNormPro/TTNormsPro-Italic.eot
  inflating: /workspace/frontend/www/fonts/TTNormPro/TTNormsPro-Regular.woff
  inflating: /workspace/frontend/www/fonts/TTNormPro/TTNormsPro-Bold.woff2
  inflating: /workspace/frontend/www/fonts/TTNormPro/TTNormsPro-Regular.eot@
  inflating: /workspace/frontend/www/fonts/TTNormPro/TTNormsPro-Bold.ttf
  inflating: /workspace/frontend/www/fonts/TTNormPro/TTNormsPro-Medium.eot
  inflating: /workspace/frontend/www/fonts/TTNormPro/TTNormsPro-ExtraBold.eot@
  inflating: /workspace/frontend/www/fonts/TTNormPro/TTNormsPro-Italic.eot@
  inflating: /workspace/frontend/www/fonts/TTNormPro/TTNormsPro-Medium.woff
  inflating: /workspace/frontend/www/fonts/TTNormPro/TTNormsPro-Italic.woff2
  inflating: /workspace/frontend/www/fonts/TTNormPro/TTNormsPro-Bold.eot@
  inflating: /workspace/frontend/www/fonts/TTNormPro/TTNormsPro-Bold.eot
  inflating: /workspace/frontend/www/fonts/TTNormPro/TTNormsPro-Medium.ttf
  inflating: /workspace/frontend/www/fonts/TTNormPro/TTNormsPro-Regular.woff2
  inflating: /workspace/frontend/www/fonts/TTNormsPro/TT_Norms_Pro_Bold.ttf
  inflating: /workspace/frontend/www/fonts/TTNormsPro/TT_Norms_Pro_Medium.woff2
  inflating: /workspace/frontend/www/fonts/TTNormsPro/TT_Norms_Pro_Regular.woff
  inflating: /workspace/frontend/www/fonts/TTNormsPro/TT_Norms_Pro_Bold.woff2
  inflating: /workspace/frontend/www/fonts/TTNormsPro/TT_Norms_Pro_ExtraBold.ttf
  inflating: /workspace/frontend/www/fonts/TTNormsPro/TT_Norms_Pro_Medium.ttf
  inflating: /workspace/frontend/www/fonts/TTNormsPro/TT_Norms_Pro_ExtraBold.woff
  inflating: /workspace/frontend/www/fonts/TTNormsPro/TT_Norms_Pro_Medium.woff
  inflating: /workspace/frontend/www/fonts/TTNormsPro/TT_Norms_Pro_ExtraBold.woff2
  inflating: /workspace/frontend/www/fonts/TTNormsPro/TT_Norms_Pro_Bold.woff
  inflating: /workspace/frontend/www/fonts/TTNormsPro/TT_Norms_Pro_Regular.ttf
  inflating: /workspace/frontend/www/fonts/TTNormsPro/TT_Norms_Pro_Regular.woff2
  inflating: /workspace/.pytest_cache/CACHEDIR.TAG
  inflating: /workspace/.pytest_cache/README.md
  inflating: /workspace/.pytest_cache/.gitignore
  inflating: /workspace/.pytest_cache/v/cache/nodeids
  inflating: /workspace/.pytest_cache/v/cache/lastfailed
  inflating: /workspace/tests/test_e2e_wallet_ledger.py
  inflating: /workspace/tests/test_e2e_kyc_registration.py
  inflating: /workspace/tests/load_test.py
  inflating: /workspace/tests/test_developer_dashboard.py
  inflating: /workspace/tests/test_rewards.py
  inflating: /workspace/tests/test_e2e_checkout.py
  inflating: /workspace/tests/test_investor_dashboard.py
  inflating: /workspace/tests/test_platform.py
  inflating: /workspace/tests/test_e2e_developer_asset_upload.py
  inflating: /workspace/tests/admin/test_admin_security.py
  inflating: /workspace/tests/admin/test_admin_features.py
  inflating: /workspace/tests/admin/README.md
  inflating: /workspace/tests/admin/test_admin_dashboard.py
  inflating: /workspace/tests/admin/test_admin_sorting.py
  inflating: /workspace/tests/admin/__pycache__/test_admin_features.cpython-314-pytest-9.0.2.pyc
  inflating: /workspace/tests/__pycache__/test_platform.cpython-314.pyc
  inflating: /workspace/tests/__pycache__/test_platform.cpython-314-pytest-9.0.2.pyc
  inflating: /workspace/.agents/workflows/fix-all-issues.md
  inflating: /workspace/backend/Cargo.toml
  inflating: /workspace/backend/test_cart.py
  inflating: /workspace/backend/fix_warnings.py
  inflating: /workspace/backend/Cargo.lock
  inflating: /workspace/backend/dev.db
  inflating: /workspace/backend/cookies.txt
  inflating: /workspace/backend/README.md
  inflating: /workspace/backend/fix_main.py
  inflating: /workspace/backend/.env.production.template
  inflating: /workspace/backend/fix.py
  inflating: /workspace/backend/broken_features.md
  inflating: /workspace/backend/fix_rust.py
  inflating: /workspace/backend/jars.txt
  inflating: /workspace/backend/.env.example
  inflating: /workspace/backend/.gcloudignore
  inflating: /workspace/backend/tests/test_storage_analytics.py
  inflating: /workspace/backend/tests/__init__.py
  inflating: /workspace/backend/tests/test_storage.py
  inflating: /workspace/backend/tests/frontend/test_cart.py
  inflating: /workspace/backend/tests/frontend/__init__.py
  inflating: /workspace/backend/tests/frontend/__pycache__/test_cart.cpython-314.pyc
  inflating: /workspace/backend/tests/frontend/__pycache__/__init__.cpython-314.pyc
  inflating: /workspace/backend/tests/admin/test_admin_reports.py
  inflating: /workspace/backend/tests/admin/test_admin_audit.py
  inflating: /workspace/backend/tests/admin/__init__.py
  inflating: /workspace/backend/tests/admin/test_admin_treasury.py
  inflating: /workspace/backend/tests/admin/test_referrals.py
  inflating: /workspace/backend/tests/admin/test_admin_dashboard.py
  inflating: /workspace/backend/tests/admin/__pycache__/test_admin_treasury.cpython-314.pyc
  inflating: /workspace/backend/tests/admin/__pycache__/test_admin_audit.cpython-314.pyc
  inflating: /workspace/backend/tests/admin/__pycache__/test_referrals.cpython-314.pyc
  inflating: /workspace/backend/tests/admin/__pycache__/test_admin_reports.cpython-314.pyc
  inflating: /workspace/backend/tests/admin/__pycache__/__init__.cpython-314.pyc
  inflating: /workspace/backend/tests/admin/__pycache__/test_admin_dashboard.cpython-314.pyc
  inflating: /workspace/backend/tests/__pycache__/test_storage_analytics.cpython-314.pyc
  inflating: /workspace/backend/tests/__pycache__/test_storage.cpython-314.pyc
  inflating: /workspace/backend/templates/login.html
  inflating: /workspace/backend/templates/signup.html
  inflating: /workspace/backend/.sqlx/query-d2f28b13003d478d725423a379c563be96a8e19d239dfe9ea6dbda3b6c889a6b.json
  inflating: /workspace/backend/.sqlx/query-171e62b6fce09cfb6c01dc10e6529abc2e6a8dfcf104ee66ec879fa441f9dc90.json
  inflating: /workspace/backend/.sqlx/query-60d231a8f05b81ad7cd13a34d4b0bc54a745a04ab4e7e49924ad3859f1f59224.json
  inflating: /workspace/backend/.sqlx/query-44e1d29046a040898327986420d8dab7c8d08fbb618dd45ba4b91da10683f9ed.json
  inflating: /workspace/backend/.sqlx/query-93ee36dd7b98271c8d6e2306ace1e22ef0b8abc2e07060c8295ceb9b7b001934.json
  inflating: /workspace/backend/.sqlx/query-3005a30f2be941b24908b77dc6bd310715c9f8c05c52f2794fb83a85047ce4fc.json
  inflating: /workspace/backend/.sqlx/query-ccb217cf51465025fa0250205c8a651ad61cc2a53e8f0786f8a37797d35128ee.json
  inflating: /workspace/backend/.sqlx/query-772c74b686c67f76a04aff4da0d94c3aed59d84618fec4d7800ef019ecbd8208.json
  inflating: /workspace/backend/.sqlx/query-a3a0e91975782353f29301d69ee65b843fac8560de074994ef2628111bd1c057.json
  inflating: /workspace/backend/.sqlx/query-bb11686bcd82466e824686b628267910afb7da38c288b6376923b6ae2a050d1b.json
  inflating: /workspace/backend/.sqlx/query-561162059c7788142c90a58308a073e0d2ed9e9eccd38231625350837039c64e.json
  inflating: /workspace/backend/.sqlx/query-37a9ba6d4d156c93f7e6853bbed476c05f4ba68388c9aa06dafa18c98e2cde40.json
  inflating: /workspace/backend/.sqlx/query-878528b9a6277bbda0308122c85c4daeca965ca903c0ca99dae979a1eae8cec8.json
  inflating: /workspace/backend/.sqlx/query-77b499cdcab432e5783efbf7170eeafd2b9d6dd65d03626e6d4bb49ee5d3fa15.json
  inflating: /workspace/backend/.sqlx/query-30b4a176f9208a962f8bde430f6d3702f2eaaaf30d8db3416d0b0dfe5317507c.json
  inflating: /workspace/backend/.sqlx/query-4a20f9c345f7b95a603f3c3e2815fcf7f607538fb696940d63bff2245688840b.json
  inflating: /workspace/backend/.sqlx/query-4a9985cda05e2e80d369bddeae43726f7d0e520d2b0ace6ec55a9aa5ce591495.json
  inflating: /workspace/backend/.sqlx/query-24e8b541a74b13263d3a3685b026f6e24f4cebbf40f40496b615efa048660e98.json
  inflating: /workspace/backend/.sqlx/query-b6c0b3a554b81500761859feb49426048203720441947c1275a59aa49068365d.json
  inflating: /workspace/backend/.sqlx/query-181767dd2423f5accc13be73426869802444a0c09b798669b5a58ba86a573b45.json
  inflating: /workspace/backend/.sqlx/query-e4a70641a0b4e85dde1d9994dc323205c207a8d177a91b0ad9c38e71d254c7b6.json
  inflating: /workspace/backend/.sqlx/query-6fe492b801c74e26ee591dd390f553a57e87a668f281b51b96322367f0d0bdb9.json
  inflating: /workspace/backend/.sqlx/query-b779da97a5728f906ee9a6157b02c1e49ffc5516bba48bf1a24dda9016962a36.json
  inflating: /workspace/backend/.sqlx/query-73b391d5f769f939e65495aeef55d2b16421f6131736b7e6e3c897470977d378.json
  inflating: /workspace/backend/.sqlx/query-14c62281d2421094f2426a8d088962d2babb0fa165d6a7d1da8ec8ae8632a8f1.json
  inflating: /workspace/backend/.sqlx/query-a672930246a38b32a1329deb149b7bd95df113c32e6620bcf4cb98f11491c607.json
  inflating: /workspace/backend/.sqlx/query-8ecf621d5b7166ee6bd040a4274c13a046f5e4767b1ce339ec7728a7f1ff9486.json
  inflating: /workspace/backend/.sqlx/query-d5333ad1b63f2b2aa18917af080ffe69f8b9df3347a1f8e3ddb50202e53083bf.json
  inflating: /workspace/backend/.sqlx/query-f467aff95ef5ca0bae0f063d73838c35d672b83acb7897d87b61eef900ccccbd.json
  inflating: /workspace/backend/.sqlx/query-003dbea7f7252d3bff038d98f45957ed8d491966468c5dd91261535263dd163b.json
  inflating: /workspace/backend/.sqlx/query-85ebb0151d2b96658b6aa4dd27d137fca41eabf81328488686c351965b19a486.json
  inflating: /workspace/backend/.sqlx/query-1dc31c9b8a11e69d04407c2207afaaf0d23bf514a3da8bfcbb8983dfeb9d291f.json
  inflating: /workspace/backend/.sqlx/query-f6463385f2b08e34e8fadaaf0e8c9e08f6977599041d5630fd232a5d8b1449c9.json
  inflating: /workspace/backend/.sqlx/query-afee5dbf42ff0c00063879f518b1e88a6d57027bc89a22a4811306afad715407.json
  inflating: /workspace/backend/.sqlx/query-a041f0064241898985ad67aaf9b0feac98d35db4a7d6bd5911a9ef9398301869.json
  inflating: /workspace/backend/.sqlx/query-b3c7445d680426397923ac40ede306680ff990d5a0316241f2ecdb57413037eb.json
  inflating: /workspace/backend/.sqlx/query-126e1d40541a774232029d2405322973a6cb2701d725a0a8f155c6e25623bad2.json
  inflating: /workspace/backend/.sqlx/query-f3c4936ddbe607248789264582729372e33bf6003553d2a9d93f1f7803cbe874.json
  inflating: /workspace/backend/.sqlx/query-c04746cec5d4ecb523a442c4081be0eac0ab660660979c4e20622b7945471601.json
  inflating: /workspace/backend/.sqlx/query-e506e5fb7f85e08f0ed7aa0d978178a91c2f0cfd7df33428ff4bb459c7dbb471.json
  inflating: /workspace/backend/.sqlx/query-eb744b393046f299e82ac31283b1c0819e318e827ac68aac20f3f53ab155933d.json
  inflating: /workspace/backend/.sqlx/query-4df870d4af8ee2dddf52dbfdbadd4d21ded62ef2ab66deaa87f175db367af458.json
  inflating: /workspace/backend/.sqlx/query-9239df14ceccb3a4b80d95b24b2e5eb48afa024a910028420bc37a96824815be.json
  inflating: /workspace/backend/.sqlx/query-19fd6da13f36409b808fce1e27833088287b6c5f8bafd494405519963f5753be.json
  inflating: /workspace/backend/.sqlx/query-4dad0c5f11ca47c0932cd6fb5f4840bda6d439a916dfec4d9766e11d3aed892e.json
  inflating: /workspace/backend/.sqlx/query-db104ad13c8074a6643c207b1207677c3f073f16c851341d9fdb2926174d3723.json
  inflating: /workspace/backend/.sqlx/query-60543fd6e3cab078408934b9c7696c768731190714adaebfe2dd136c309606e8.json
  inflating: /workspace/backend/.sqlx/query-2f9904f8ac884c2259aa0422b958d63e2bc00ff073388c8e95af98b7644b8540.json
  inflating: /workspace/backend/.sqlx/query-2dacef52b4a2db161f6b1cb85ea1ef413b1b18c41a153cd14257fe9a9835f881.json
  inflating: /workspace/backend/.sqlx/query-a2b78fccab6c93147d942f09765de1a038dd1fb95230e035f631f7de8b91c47d.json
  inflating: /workspace/backend/.sqlx/query-d5b29f2156d8701e852bda356f85f8f61af60158d2c14f89347880c63328bb81.json
  inflating: /workspace/backend/.sqlx/query-e0e28142865674e5f0749d4eb421a96ab9621bc4f6532b956107024d3e515dc4.json
  inflating: /workspace/backend/.sqlx/query-602febc04c4e4377e0d6a552ebcfe27a53b9936607a26f7f580ba9100bca0419.json
  inflating: /workspace/backend/.sqlx/query-2272dfb8a0205ad42281dcec43f5cec7d9a410708ebc6cdaa32950de88aca400.json
  inflating: /workspace/backend/.sqlx/query-6df5f2e42473a2c927d26f5e15cee91f8c83f36109a39629e788da517e51ec33.json
  inflating: /workspace/backend/.sqlx/query-edbd4d45efa9ad6fcdf4fd3baa6bbf32ef54ae20dac75753483f6ef54aafccc4.json
  inflating: /workspace/backend/.sqlx/query-63a05d54616937b44db2e913a21e952ff398992a09449af65c3db4e1ebcc2f6d.json
  inflating: /workspace/backend/.sqlx/query-6c6d63d6ee224bedf17242302af3211055e77cab7964c5d8eb222b7b91766f11.json
  inflating: /workspace/backend/src/cache.rs
  inflating: /workspace/backend/src/error.rs
  inflating: /workspace/backend/src/config.rs
  inflating: /workspace/backend/src/db.rs
  inflating: /workspace/backend/src/main.rs
  inflating: /workspace/backend/src/email.rs
  inflating: /workspace/backend/src/templates.rs
  inflating: /workspace/backend/src/settings/models.rs
  inflating: /workspace/backend/src/settings/service.rs
  inflating: /workspace/backend/src/settings/mod.rs
  inflating: /workspace/backend/src/settings/routes.rs
  inflating: /workspace/backend/src/developer/chart.rs
  inflating: /workspace/backend/src/developer/models.rs
  inflating: /workspace/backend/src/developer/service.rs
  inflating: /workspace/backend/src/developer/mod.rs
  inflating: /workspace/backend/src/developer/routes.rs
  inflating: /workspace/backend/src/developer/fragments.rs
  inflating: /workspace/backend/src/payments/models.rs
  inflating: /workspace/backend/src/payments/service.rs
  inflating: /workspace/backend/src/payments/mod.rs
  inflating: /workspace/backend/src/payments/routes.rs
  inflating: /workspace/backend/src/kyc/provider.rs
  inflating: /workspace/backend/src/kyc/models.rs
  inflating: /workspace/backend/src/kyc/service.rs
  inflating: /workspace/backend/src/kyc/mod.rs
  inflating: /workspace/backend/src/kyc/routes.rs
  inflating: /workspace/backend/src/kyc/didit.rs
  inflating: /workspace/backend/src/bin/debug_hash.rs
  inflating: /workspace/backend/src/bin/gen_hash.rs
  inflating: /workspace/backend/src/bin/hash.rs
  inflating: /workspace/backend/src/auth/models.rs
  inflating: /workspace/backend/src/auth/csrf.rs
  inflating: /workspace/backend/src/auth/service.rs
  inflating: /workspace/backend/src/auth/mod.rs
  inflating: /workspace/backend/src/auth/routes.rs
  inflating: /workspace/backend/src/auth/middleware.rs
  inflating: /workspace/backend/src/rewards/models.rs
  inflating: /workspace/backend/src/rewards/service.rs
  inflating: /workspace/backend/src/rewards/mod.rs
  inflating: /workspace/backend/src/rewards/routes.rs
  inflating: /workspace/backend/src/admin/access.rs
  inflating: /workspace/backend/src/admin/mod.rs
  inflating: /workspace/backend/src/storage/service.rs
  inflating: /workspace/backend/src/storage/mod.rs
  inflating: /workspace/backend/src/storage/routes.rs
  inflating: /workspace/backend/src/common/audit.rs
  inflating: /workspace/backend/src/common/routes_helper.rs
  inflating: /workspace/backend/src/common/mod.rs
  inflating: /workspace/backend/src/common/validation.rs
  inflating: /workspace/backend/src/support/handlers.rs
  inflating: /workspace/backend/src/support/models.rs
  inflating: /workspace/backend/src/support/service.rs
  inflating: /workspace/backend/src/support/db.rs
  inflating: /workspace/backend/src/support/mod.rs
  inflating: /workspace/backend/src/support/sla.rs
  inflating: /workspace/backend/src/wallet/models.rs
  inflating: /workspace/backend/src/wallet/mod.rs
  inflating: /workspace/backend/src/wallet/routes.rs
  inflating: /workspace/backend/src/cart/mod.rs
  inflating: /workspace/backend/src/cart/routes.rs
  inflating: /workspace/backend/src/portfolio/models.rs
  inflating: /workspace/backend/src/portfolio/service.rs
  inflating: /workspace/backend/src/portfolio/mod.rs
  inflating: /workspace/backend/src/portfolio/routes.rs
  inflating: /workspace/backend/src/legal/mod.rs
  inflating: /workspace/backend/src/legal/routes.rs
  inflating: /workspace/backend/src/payment_methods/models.rs
  inflating: /workspace/backend/src/payment_methods/service.rs
  inflating: /workspace/backend/src/payment_methods/mod.rs
  inflating: /workspace/backend/src/payment_methods/routes.rs
  inflating: /workspace/backend/src/assets/models.rs
  inflating: /workspace/backend/src/assets/mod.rs
  inflating: /workspace/backend/src/assets/routes.rs
  inflating: /workspace/agent/workflows/profile-production-ready.md
  inflating: /workspace/agent/workflows/portfolio-production-ready.md
  inflating: /workspace/docs/OPERATIONS.md
  inflating: /workspace/docs/DATABASE_SCHEMA.md
  inflating: /workspace/docs/KNOWLEDGE_HANDOFF.md
  inflating: /workspace/docs/CONTRIBUTING.md
  inflating: /workspace/docs/MASTERPLAN.md
  inflating: /workspace/docs/AUTH_FLOW.md
  inflating: /workspace/docs/FRONTEND_COMPONENTS.md
  inflating: /workspace/docs/THIRD_PARTY_LICENSES.md
  inflating: /workspace/docs/FINANCIAL_FLOW.md
  inflating: /workspace/docs/SECURITY.md
  inflating: /workspace/docs/database/MIGRATION_GUIDE.md
  inflating: /workspace/docs/adr/001-core-tech-stack.md
  inflating: /workspace/docs/book/custom.css
  inflating: /workspace/docs/book/book.toml
  inflating: /workspace/docs/book/book/AUTH_FLOW.html
  inflating: /workspace/docs/book/book/MASTERPLAN.html
  inflating: /workspace/docs/book/book/OPERATIONS.html
  inflating: /workspace/docs/book/book/FRONTEND_COMPONENTS.html
  inflating: /workspace/docs/book/book/index.html
  inflating: /workspace/docs/book/book/favicon-8114d1fc.png
  inflating: /workspace/docs/book/book/custom-8fcae763.css
  inflating: /workspace/docs/book/book/MIGRATION_GUIDE.html
  inflating: /workspace/docs/book/book/toc.html
  inflating: /workspace/docs/book/book/favicon-de23e50b.svg
  inflating: /workspace/docs/book/book/DATABASE_SCHEMA.html
  inflating: /workspace/docs/book/book/404.html
  inflating: /workspace/docs/book/book/KNOWLEDGE_HANDOFF.html
  inflating: /workspace/docs/book/book/custom.css
  inflating: /workspace/docs/book/book/print.html
  inflating: /workspace/docs/book/book/THIRD_PARTY_LICENSES.html
  inflating: /workspace/docs/book/book/ayu-highlight-3fdfc3ac.css
  inflating: /workspace/docs/book/book/highlight-493f70e1.css
  inflating: /workspace/docs/book/book/mark-09e88c2c.min.js
  inflating: /workspace/docs/book/book/.nojekyll
  inflating: /workspace/docs/book/book/highlight-abc7f01d.js
  inflating: /workspace/docs/book/book/SECURITY.html
  inflating: /workspace/docs/book/book/tomorrow-night-4c0ae647.css
  inflating: /workspace/docs/book/book/book-a0b12cfe.js
  inflating: /workspace/docs/book/book/FINANCIAL_FLOW.html
  inflating: /workspace/docs/book/book/CONTRIBUTING.html
  inflating: /workspace/docs/book/book/searcher-c2a407aa.js
  inflating: /workspace/docs/book/book/searchindex-0cb0e1db.js
  inflating: /workspace/docs/book/book/elasticlunr-ef4e11c1.min.js
  inflating: /workspace/docs/book/book/toc-840e169f.js
  inflating: /workspace/docs/book/book/clipboard-1626706a.min.js
  inflating: /workspace/docs/book/book/adr/index.html
  inflating: /workspace/docs/book/book/adr/001-core-tech-stack.html
  inflating: /workspace/docs/book/book/css/general-2459343d.css
  inflating: /workspace/docs/book/book/css/variables-8adf115d.css
  inflating: /workspace/docs/book/book/css/print-9e4910d8.css
  inflating: /workspace/docs/book/book/css/chrome-ae938929.css
  inflating: /workspace/docs/book/book/foundations/index.html
  inflating: /workspace/docs/book/book/ops/index.html
  inflating: /workspace/docs/book/book/fonts/SOURCE-CODE-PRO-LICENSE.txt
  inflating: /workspace/docs/book/book/fonts/fonts-9644e21d.css
  inflating: /workspace/docs/book/book/fonts/source-code-pro-v11-all-charsets-500-2bdd9410.woff2
  inflating: /workspace/docs/book/book/fonts/open-sans-v17-all-charsets-800italic-ba1521ec.woff2
  inflating: /workspace/docs/book/book/fonts/open-sans-v17-all-charsets-300-7736aa35.woff2
  inflating: /workspace/docs/book/book/fonts/OPEN-SANS-LICENSE.txt
  inflating: /workspace/docs/book/book/fonts/open-sans-v17-all-charsets-italic-6c9463f7.woff2
  inflating: /workspace/docs/book/book/fonts/open-sans-v17-all-charsets-800-3d2c812a.woff2
  inflating: /workspace/docs/book/book/fonts/open-sans-v17-all-charsets-600italic-1a3e8659.woff2
  inflating: /workspace/docs/book/book/fonts/open-sans-v17-all-charsets-300italic-2c7b95c0.woff2
  inflating: /workspace/docs/book/book/fonts/open-sans-v17-all-charsets-700-c22fe8c7.woff2
  inflating: /workspace/docs/book/book/fonts/open-sans-v17-all-charsets-regular-2e3b1d34.woff2
  inflating: /workspace/docs/book/book/fonts/open-sans-v17-all-charsets-700italic-238ae959.woff2
  inflating: /workspace/docs/book/book/fonts/open-sans-v17-all-charsets-600-486c6759.woff2
  inflating: /workspace/docs/book/book/flows/index.html
  inflating: /workspace/docs/book/src/OPERATIONS.md
  inflating: /workspace/docs/book/src/SUMMARY.md
  inflating: /workspace/docs/book/src/DATABASE_SCHEMA.md
  inflating: /workspace/docs/book/src/custom.css
  inflating: /workspace/docs/book/src/README.md
  inflating: /workspace/docs/book/src/KNOWLEDGE_HANDOFF.md
  inflating: /workspace/docs/book/src/CONTRIBUTING.md
  inflating: /workspace/docs/book/src/MASTERPLAN.md
  inflating: /workspace/docs/book/src/MIGRATION_GUIDE.md
  inflating: /workspace/docs/book/src/AUTH_FLOW.md
  inflating: /workspace/docs/book/src/FRONTEND_COMPONENTS.md
  inflating: /workspace/docs/book/src/THIRD_PARTY_LICENSES.md
  inflating: /workspace/docs/book/src/FINANCIAL_FLOW.md
  inflating: /workspace/docs/book/src/SECURITY.md
  inflating: /workspace/docs/book/src/adr/001-core-tech-stack.md
  inflating: /workspace/docs/book/src/adr/README.md
  inflating: /workspace/docs/book/src/foundations/README.md
  inflating: /workspace/docs/book/src/ops/README.md
  inflating: /workspace/docs/book/src/flows/README.md
  inflating: /workspace/scripts/generate_dashboard.js
  inflating: /workspace/scripts/download_missing.sh
  inflating: /workspace/scripts/make_pages.py
  inflating: /workspace/scripts/rewrite_links.js
  inflating: /workspace/scripts/download_platform_assets.sh
  inflating: /workspace/scripts/download_specific_pages.js
  inflating: /workspace/scripts/fix_rewards_nav.py
  inflating: /workspace/scripts/scaffold_rewards.py
