   Compiling poool-backend v0.1.0 (/Users/martin/Projects/poool/backend)
    Finished `release` profile [optimized] target(s) in 26.93s
warning: the following packages contain code that will be rejected by a future version of Rust: redis v0.24.0
note: to see what the problems were, use the option `--future-incompat-report`, or run `cargo report future-incompatibilities --id 1`
     Running `target/release/poool-backend`
[2m2026-03-20T15:50:36.645348Z[0m [32m INFO[0m [2mpoool_backend[0m[2m:[0m Starting POOOL Backend...
[2m2026-03-20T15:50:36.647451Z[0m [32m INFO[0m [2mpoool_backend::db[0m[2m:[0m Connecting to database...
[2m2026-03-20T15:50:36.653724Z[0m [32m INFO[0m [2mpoool_backend::db[0m[2m:[0m Database connection established ✓
[2m2026-03-20T15:50:36.654285Z[0m [32m INFO[0m [2msqlx::postgres::notice[0m[2m:[0m relation "_schema_migrations" already exists, skipping
[2m2026-03-20T15:50:36.655704Z[0m [32m INFO[0m [2mpoool_backend[0m[2m:[0m Applying migration: 044_wallet_balance_constraint.sql
[2m2026-03-20T15:50:36.656541Z[0m [31mERROR[0m [2mpoool_backend[0m[2m:[0m Migration 044_wallet_balance_constraint.sql failed on statement: error returned from database: constraint "wallet_balance_non_negative" for relation "wallets" already exists
[2m2026-03-20T15:50:36.668081Z[0m [32m INFO[0m [2mpoool_backend[0m[2m:[0m Applying migration: production_seed.sql
[2m2026-03-20T15:50:36.668558Z[0m [33m WARN[0m [2msqlx::postgres::notice[0m[2m:[0m there is already a transaction in progress
[2m2026-03-20T15:50:36.672775Z[0m [32m INFO[0m [2msqlx::postgres::notice[0m[2m:[0m Using user: jonas.freiwald@poool.app (id: b45f038b-3e75-41e7-806a-0db9ca5b9272)
[2m2026-03-20T15:50:36.674041Z[0m [31mERROR[0m [2mpoool_backend[0m[2m:[0m Migration production_seed.sql failed on statement: error returned from database: duplicate key value violates unique constraint "assets_slug_key"
[2m2026-03-20T15:50:36.674365Z[0m [32m INFO[0m [2mpoool_backend[0m[2m:[0m Database schema is up to date (47 migrations tracked)
[2m2026-03-20T15:50:36.674647Z[0m [32m INFO[0m [2mpoool_backend::templates[0m[2m:[0m Template engine initialized (dev_mode=true, version=1774021836) ✓
[2m2026-03-20T15:50:36.674688Z[0m [32m INFO[0m [2mpoool_backend[0m[2m:[0m Rate limiter: using in-memory backend (single instance only)
[2m2026-03-20T15:50:36.674796Z[0m [32m INFO[0m [2mpoool_backend::email[0m[2m:[0m Starting POOOL Email Drips Scheduler...
[2m2026-03-20T15:50:36.680437Z[0m [32m INFO[0m [2mpoool_backend[0m[2m:[0m Server listening on http://0.0.0.0:8888
[2m2026-03-20T15:50:36.689163Z[0m [31mERROR[0m [2mpoool_backend[0m[2m:[0m Error cleaning up expired orders: error returned from database: new row for relation "investments" violates check constraint "investments_status_check"
[2m2026-03-20T15:50:46.705305Z[0m [32m INFO[0m [2mpoool_backend::leaderboard::service[0m[2m:[0m Leaderboard: refreshed metrics and ranks for all-time view
[2m2026-03-20T15:50:46.709103Z[0m [32m INFO[0m [2mpoool_backend::leaderboard::service[0m[2m:[0m Leaderboard: refreshed metrics and ranks for all-time view
[2m2026-03-20T15:50:50.127915Z[0m [32m INFO[0m [2mpoool_backend::auth::service[0m[2m:[0m Session 27XnYYvri6wuyEJIvd6Zpv01T_8GKu6CLzBTCKXPx87LbGPQ3mvSje94wjjePQSHq84saACs3_FQOLLPAjV5rA valid for user support@traffic-creator.com
[2m2026-03-20T15:50:50.129424Z[0m [32m INFO[0m [2mpoool_backend::auth::service[0m[2m:[0m Session 27XnYYvri6wuyEJIvd6Zpv01T_8GKu6CLzBTCKXPx87LbGPQ3mvSje94wjjePQSHq84saACs3_FQOLLPAjV5rA valid for user support@traffic-creator.com
[2m2026-03-20T15:50:50.191618Z[0m [32m INFO[0m [2mpoool_backend::auth::service[0m[2m:[0m Session 27XnYYvri6wuyEJIvd6Zpv01T_8GKu6CLzBTCKXPx87LbGPQ3mvSje94wjjePQSHq84saACs3_FQOLLPAjV5rA valid for user support@traffic-creator.com
[2m2026-03-20T15:50:50.195611Z[0m [32m INFO[0m [2mpoool_backend::auth::service[0m[2m:[0m Session 27XnYYvri6wuyEJIvd6Zpv01T_8GKu6CLzBTCKXPx87LbGPQ3mvSje94wjjePQSHq84saACs3_FQOLLPAjV5rA valid for user support@traffic-creator.com
[2m2026-03-20T15:51:36.683671Z[0m [31mERROR[0m [2mpoool_backend[0m[2m:[0m CRITICAL RECONCILIATION FAILURE: Unexplained excess of 133903266 cents in system cash wallets. (Wallets: 3103506, Expected: -130799760)
[2m2026-03-20T15:54:00.270003Z[0m [32m INFO[0m [2mpoool_backend::auth::service[0m[2m:[0m Session QbC6kNEpbFdIt9rW4bc6ufQPu3VW4c6IIfJNOSLgKRsUXzLA6OSYc1q8jdcUo7IsaYVf_LMonbo2v0oo__wp6w valid for user support@traffic-creator.com
[2m2026-03-20T15:54:00.270758Z[0m [32m INFO[0m [2mpoool_backend::auth::service[0m[2m:[0m Session QbC6kNEpbFdIt9rW4bc6ufQPu3VW4c6IIfJNOSLgKRsUXzLA6OSYc1q8jdcUo7IsaYVf_LMonbo2v0oo__wp6w valid for user support@traffic-creator.com
[2m2026-03-20T15:54:00.373182Z[0m [32m INFO[0m [2mpoool_backend::auth::service[0m[2m:[0m Session QbC6kNEpbFdIt9rW4bc6ufQPu3VW4c6IIfJNOSLgKRsUXzLA6OSYc1q8jdcUo7IsaYVf_LMonbo2v0oo__wp6w valid for user support@traffic-creator.com
[2m2026-03-20T15:54:00.377390Z[0m [32m INFO[0m [2mpoool_backend::auth::service[0m[2m:[0m Session QbC6kNEpbFdIt9rW4bc6ufQPu3VW4c6IIfJNOSLgKRsUXzLA6OSYc1q8jdcUo7IsaYVf_LMonbo2v0oo__wp6w valid for user support@traffic-creator.com
[2m2026-03-20T15:54:00.423884Z[0m [32m INFO[0m [2mpoool_backend::auth::service[0m[2m:[0m Session QbC6kNEpbFdIt9rW4bc6ufQPu3VW4c6IIfJNOSLgKRsUXzLA6OSYc1q8jdcUo7IsaYVf_LMonbo2v0oo__wp6w valid for user support@traffic-creator.com
[2m2026-03-20T15:54:00.424853Z[0m [32m INFO[0m [2mpoool_backend::auth::service[0m[2m:[0m Session QbC6kNEpbFdIt9rW4bc6ufQPu3VW4c6IIfJNOSLgKRsUXzLA6OSYc1q8jdcUo7IsaYVf_LMonbo2v0oo__wp6w valid for user support@traffic-creator.com
[2m2026-03-20T16:05:36.672378Z[0m [32m INFO[0m [2mpoool_backend::leaderboard::service[0m[2m:[0m Leaderboard: refreshed metrics and ranks for all-time view
[2m2026-03-20T16:05:36.679286Z[0m [31mERROR[0m [2mpoool_backend[0m[2m:[0m Error cleaning up expired orders: error returned from database: new row for relation "investments" violates check constraint "investments_status_check"
[2m2026-03-20T16:15:05.174435Z[0m [32m INFO[0m [2mpoool_backend::auth::service[0m[2m:[0m Session 27XnYYvri6wuyEJIvd6Zpv01T_8GKu6CLzBTCKXPx87LbGPQ3mvSje94wjjePQSHq84saACs3_FQOLLPAjV5rA valid for user support@traffic-creator.com
[2m2026-03-20T16:15:05.175248Z[0m [32m INFO[0m [2mpoool_backend::auth::service[0m[2m:[0m Session 27XnYYvri6wuyEJIvd6Zpv01T_8GKu6CLzBTCKXPx87LbGPQ3mvSje94wjjePQSHq84saACs3_FQOLLPAjV5rA valid for user support@traffic-creator.com
[2m2026-03-20T16:15:05.246579Z[0m [32m INFO[0m [2mpoool_backend::auth::service[0m[2m:[0m Session 27XnYYvri6wuyEJIvd6Zpv01T_8GKu6CLzBTCKXPx87LbGPQ3mvSje94wjjePQSHq84saACs3_FQOLLPAjV5rA valid for user support@traffic-creator.com
[2m2026-03-20T16:15:05.255224Z[0m [32m INFO[0m [2mpoool_backend::auth::service[0m[2m:[0m Session 27XnYYvri6wuyEJIvd6Zpv01T_8GKu6CLzBTCKXPx87LbGPQ3mvSje94wjjePQSHq84saACs3_FQOLLPAjV5rA valid for user support@traffic-creator.com
[2m2026-03-20T16:18:09.804310Z[0m [32m INFO[0m [2mpoool_backend::auth::service[0m[2m:[0m Session 27XnYYvri6wuyEJIvd6Zpv01T_8GKu6CLzBTCKXPx87LbGPQ3mvSje94wjjePQSHq84saACs3_FQOLLPAjV5rA valid for user support@traffic-creator.com
[2m2026-03-20T16:18:09.804676Z[0m [32m INFO[0m [2mpoool_backend::auth::service[0m[2m:[0m Session 27XnYYvri6wuyEJIvd6Zpv01T_8GKu6CLzBTCKXPx87LbGPQ3mvSje94wjjePQSHq84saACs3_FQOLLPAjV5rA valid for user support@traffic-creator.com
[2m2026-03-20T16:18:09.871486Z[0m [32m INFO[0m [2mpoool_backend::auth::service[0m[2m:[0m Session 27XnYYvri6wuyEJIvd6Zpv01T_8GKu6CLzBTCKXPx87LbGPQ3mvSje94wjjePQSHq84saACs3_FQOLLPAjV5rA valid for user support@traffic-creator.com
[2m2026-03-20T16:18:09.874592Z[0m [32m INFO[0m [2mpoool_backend::auth::service[0m[2m:[0m Session 27XnYYvri6wuyEJIvd6Zpv01T_8GKu6CLzBTCKXPx87LbGPQ3mvSje94wjjePQSHq84saACs3_FQOLLPAjV5rA valid for user support@traffic-creator.com
